<?xml version="1.0" encoding="UTF-8"?>
<!-- Generated by org.testng.reporters.JUnitXMLReporter -->
<testsuite ignored="0" hostname="Raikkonen" failures="0" tests="9" name="Default test" time="4.142" errors="0" timestamp="2023-10-11T20:12:32 IST">
  <testcase classname="com.team25.hackathon.PdfEngineerTestCases" name="comparison" time="0.213"/>
  <testcase classname="com.team25.hackathon.PdfEngineerTestCases" name="convert" time="2.386"/>
  <testcase classname="com.team25.hackathon.PdfEngineerTestCases" name="encryptWithPassword" time="0.005"/>
  <testcase classname="com.team25.hackathon.PdfEngineerTestCases" name="mergeFiles" time="0.031"/>
  <testcase classname="com.team25.hackathon.PdfEngineerTestCases" name="openFile" time="0.001"/>
  <testcase classname="com.team25.hackathon.PdfEngineerTestCases" name="openURL" time="1.272"/>
  <testcase classname="com.team25.hackathon.PdfEngineerTestCases" name="readText" time="0.023"/>
  <testcase classname="com.team25.hackathon.PdfEngineerTestCases" name="search" time="0.028"/>
  <testcase classname="com.team25.hackathon.PdfEngineerTestCases" name="validation" time="0.077"/>
</testsuite> <!-- Default test -->
